<?xml version="1.0" encoding="UTF-8"?>
<testng-results skipped="0" failed="0" ignored="0" total="1" passed="1">
  <reporter-output>
  </reporter-output>
  <suite name="Default suite" duration-ms="11657" started-at="2020-12-10T13:36:21 IST" finished-at="2020-12-10T13:36:32 IST">
    <groups>
    </groups>
    <test name="Default test" duration-ms="11657" started-at="2020-12-10T13:36:21 IST" finished-at="2020-12-10T13:36:32 IST">
      <class name="Aptumo.Aptumo_UK.App">
        <test-method status="PASS" signature="test()[pri:0, instance:Aptumo.Aptumo_UK.App@3224f60b]" name="test" duration-ms="11622" started-at="2020-12-10T13:36:21 IST" finished-at="2020-12-10T13:36:32 IST">
          <reporter-output>
          </reporter-output>
        </test-method> <!-- test -->
      </class> <!-- Aptumo.Aptumo_UK.App -->
    </test> <!-- Default test -->
  </suite> <!-- Default suite -->
</testng-results>
